2012-03-01 20:05:31,630|urlclientfutures|INFO|times_to_extend_url_list=1 processes=1 timeout=120 n=40 type=threads
2012-03-01 20:05:31,650|urlclientfutures|INFO|ad8e47dc-d7e8-44b7-979b-48e7bc1f3bcc|http://www.python.org|0|30
2012-03-01 20:05:32,300|urlclientfutures|INFO|ad8e47dc-d7e8-44b7-979b-48e7bc1f3bcc|http://www.python.org|1|0.6501829624176025
2012-03-01 20:05:32,302|urlclientfutures|INFO|23c1efc8-3963-4e42-a44d-ff67b98f6c18|http://dev.chromium.org/spdy|0|30
2012-03-01 20:05:33,595|urlclientfutures|INFO|23c1efc8-3963-4e42-a44d-ff67b98f6c18|http://dev.chromium.org/spdy|1|1.2942321300506592
2012-03-01 20:05:33,596|urlclientfutures|INFO|8179fa22-35e6-4cd4-87a6-08b67457f3a8|http://mapreduce.stanford.edu|0|30
2012-03-01 20:05:34,176|urlclientfutures|INFO|8179fa22-35e6-4cd4-87a6-08b67457f3a8|http://mapreduce.stanford.edu|1|0.5794661045074463
2012-03-01 20:05:34,177|urlclientfutures|INFO|9d4019ec-95ce-496d-9985-54cb88ea9463|http://www.ibm.com|0|30
2012-03-01 20:05:34,763|urlclientfutures|INFO|9d4019ec-95ce-496d-9985-54cb88ea9463|http://www.ibm.com|1|0.5862908363342285
2012-03-01 20:05:34,764|urlclientfutures|INFO|6ce5bc79-3fe5-4267-bca3-5a2726d27979|http://google.com|0|30
2012-03-01 20:05:35,007|urlclientfutures|INFO|6ce5bc79-3fe5-4267-bca3-5a2726d27979|http://google.com|1|0.24332594871520996
2012-03-01 20:05:35,008|urlclientfutures|INFO|781325a1-807d-43a9-bc02-58c808124ffd|http://www.bbc.co.uk/|0|30
2012-03-01 20:05:35,757|urlclientfutures|INFO|781325a1-807d-43a9-bc02-58c808124ffd|http://www.bbc.co.uk/|1|0.7495169639587402
2012-03-01 20:05:35,759|urlclientfutures|INFO|c6d95266-6e07-49c3-bbaa-cb90b22efcd0|http://www.json.org/|0|30
2012-03-01 20:05:36,235|urlclientfutures|INFO|c6d95266-6e07-49c3-bbaa-cb90b22efcd0|http://www.json.org/|1|0.4758951663970947
2012-03-01 20:05:36,236|urlclientfutures|INFO|e40d7866-e7f5-4350-b3c0-e6093035d706|http://www.lemonde.fr/|0|30
2012-03-01 20:05:36,467|urlclientfutures|INFO|e40d7866-e7f5-4350-b3c0-e6093035d706|http://www.lemonde.fr/|1|0.23183488845825195
2012-03-01 20:05:36,468|urlclientfutures|INFO|84c9fb93-4ff6-453c-a540-e31ee8a9f756|http://yahoo.com|0|30
2012-03-01 20:05:37,843|urlclientfutures|INFO|84c9fb93-4ff6-453c-a540-e31ee8a9f756|http://yahoo.com|1|1.3743798732757568
2012-03-01 20:05:37,844|urlclientfutures|INFO|71f67634-2be8-44a8-b017-f8a52c975201|http://www.doughellmann.com/|0|30
2012-03-01 20:05:37,969|urlclientfutures|INFO|71f67634-2be8-44a8-b017-f8a52c975201|http://www.doughellmann.com/|1|0.1248478889465332
2012-03-01 20:05:37,970|urlclientfutures|INFO|679a6396-2947-4093-acde-7dd76ab403d7|http://www.cnn.com|0|30
2012-03-01 20:05:38,403|urlclientfutures|INFO|679a6396-2947-4093-acde-7dd76ab403d7|http://www.cnn.com|1|0.4336409568786621
2012-03-01 20:05:38,404|urlclientfutures|INFO|dffd7ec0-7273-468f-9d08-a7c461218933|http://www.nytimes.com|0|30
2012-03-01 20:05:38,798|urlclientfutures|INFO|dffd7ec0-7273-468f-9d08-a7c461218933|http://www.nytimes.com|1|0.39423203468322754
2012-03-01 20:05:38,799|urlclientfutures|INFO|181f7cf9-715d-4587-b1de-399fee63b17e|http://www.bradmehldau.com|0|30
2012-03-01 20:05:39,483|urlclientfutures|INFO|181f7cf9-715d-4587-b1de-399fee63b17e|http://www.bradmehldau.com|1|0.6840319633483887
2012-03-01 20:05:39,484|urlclientfutures|INFO|22ab78a8-aa47-465b-9df5-742db9a87974|http://bobhancock.org|0|30
2012-03-01 20:05:40,335|urlclientfutures|INFO|22ab78a8-aa47-465b-9df5-742db9a87974|http://bobhancock.org|1|0.8512120246887207
2012-03-01 20:05:40,336|urlclientfutures|INFO|c303e7b6-17bc-4872-b591-ad5cdd6fc1d4|http://eventlet.net/doc/design_patterns.html|0|30
2012-03-01 20:05:40,701|urlclientfutures|INFO|c303e7b6-17bc-4872-b591-ad5cdd6fc1d4|http://eventlet.net/doc/design_patterns.html|1|0.364300012588501
2012-03-01 20:05:40,702|urlclientfutures|INFO|437e04f7-43f6-4635-ab0a-59c5f8cd44d9|http://golang.org/doc/effective_go.html|0|30
2012-03-01 20:05:50,289|urlclientfutures|INFO|times_to_extend_url_list=1 processes=1 timeout=120 n=40 type=threads
2012-03-01 20:05:50,292|urlclientfutures|INFO|0bd1be76-4abe-4422-9f44-b3deb15656ed|http://www.python.org|0|30
2012-03-01 20:05:50,720|urlclientfutures|INFO|0bd1be76-4abe-4422-9f44-b3deb15656ed|http://www.python.org|1|0.42943906784057617
2012-03-01 20:05:50,721|urlclientfutures|INFO|b38fd539-9ccd-4650-86ba-25076c7635a8|http://dev.chromium.org/spdy|0|30
2012-03-01 20:05:51,944|urlclientfutures|INFO|b38fd539-9ccd-4650-86ba-25076c7635a8|http://dev.chromium.org/spdy|1|1.2231109142303467
2012-03-01 20:05:51,945|urlclientfutures|INFO|c119e677-cd8e-4470-9ccf-a109d373a7b8|http://mapreduce.stanford.edu|0|30
2012-03-01 20:05:52,216|urlclientfutures|INFO|c119e677-cd8e-4470-9ccf-a109d373a7b8|http://mapreduce.stanford.edu|1|0.27066802978515625
2012-03-01 20:05:52,217|urlclientfutures|INFO|6e7ba089-cb9b-4ffb-a881-d57e5156cff2|http://www.ibm.com|0|30
2012-03-01 20:05:52,825|urlclientfutures|INFO|6e7ba089-cb9b-4ffb-a881-d57e5156cff2|http://www.ibm.com|1|0.6080670356750488
2012-03-01 20:05:52,826|urlclientfutures|INFO|cc84335c-5774-43c6-8b67-57188df08945|http://google.com|0|30
2012-03-01 20:05:52,964|urlclientfutures|INFO|cc84335c-5774-43c6-8b67-57188df08945|http://google.com|1|0.1378939151763916
2012-03-01 20:05:52,965|urlclientfutures|INFO|eb8a4a91-37b3-4307-9326-67166f6e9214|http://www.bbc.co.uk/|0|30
2012-03-01 20:05:53,875|urlclientfutures|INFO|eb8a4a91-37b3-4307-9326-67166f6e9214|http://www.bbc.co.uk/|1|0.9107458591461182
2012-03-01 20:05:53,876|urlclientfutures|INFO|4a8854c5-3eed-4f5f-88c2-16036a6044b4|http://www.json.org/|0|30
2012-03-01 20:05:54,183|urlclientfutures|INFO|4a8854c5-3eed-4f5f-88c2-16036a6044b4|http://www.json.org/|1|0.3070218563079834
2012-03-01 20:05:54,184|urlclientfutures|INFO|9d5b6e04-0944-4300-b768-9dc86dcf3949|http://www.lemonde.fr/|0|30
2012-03-01 20:05:54,410|urlclientfutures|INFO|9d5b6e04-0944-4300-b768-9dc86dcf3949|http://www.lemonde.fr/|1|0.22623801231384277
2012-03-01 20:05:54,411|urlclientfutures|INFO|1141a582-d45c-4bc4-be5c-959969e398ae|http://yahoo.com|0|30
2012-03-01 20:05:55,501|urlclientfutures|INFO|1141a582-d45c-4bc4-be5c-959969e398ae|http://yahoo.com|1|1.0894348621368408
2012-03-01 20:05:55,502|urlclientfutures|INFO|03a6cfe3-51e7-4d20-a413-48ec01c71d3c|http://www.doughellmann.com/|0|30
2012-03-01 20:05:55,597|urlclientfutures|INFO|03a6cfe3-51e7-4d20-a413-48ec01c71d3c|http://www.doughellmann.com/|1|0.0953521728515625
2012-03-01 20:05:55,598|urlclientfutures|INFO|0248db90-bc61-46ca-9332-0faefc4352e8|http://www.cnn.com|0|30
2012-03-01 20:05:55,900|urlclientfutures|INFO|0248db90-bc61-46ca-9332-0faefc4352e8|http://www.cnn.com|1|0.3018941879272461
2012-03-01 20:05:55,901|urlclientfutures|INFO|84e9d318-ff9b-420d-94d1-0569544c45e6|http://www.nytimes.com|0|30
2012-03-01 20:05:56,423|urlclientfutures|INFO|84e9d318-ff9b-420d-94d1-0569544c45e6|http://www.nytimes.com|1|0.5222389698028564
2012-03-01 20:05:56,424|urlclientfutures|INFO|882409b9-ebaa-4fea-a4bc-5a3116251c5e|http://www.bradmehldau.com|0|30
2012-03-01 20:05:56,753|urlclientfutures|INFO|882409b9-ebaa-4fea-a4bc-5a3116251c5e|http://www.bradmehldau.com|1|0.32844996452331543
2012-03-01 20:05:56,754|urlclientfutures|INFO|aff8bde2-3863-4665-affc-c98897d87e53|http://bobhancock.org|0|30
2012-03-01 20:05:57,174|urlclientfutures|INFO|aff8bde2-3863-4665-affc-c98897d87e53|http://bobhancock.org|1|0.4202539920806885
2012-03-01 20:05:57,175|urlclientfutures|INFO|d4e13a8a-1a5d-4d4a-a78d-68c00cf502b8|http://eventlet.net/doc/design_patterns.html|0|30
2012-03-01 20:05:57,361|urlclientfutures|INFO|d4e13a8a-1a5d-4d4a-a78d-68c00cf502b8|http://eventlet.net/doc/design_patterns.html|1|0.18526387214660645
2012-03-01 20:05:57,361|urlclientfutures|INFO|c34353d2-bf3e-4be7-b50f-a8c76ba8d510|http://golang.org/doc/effective_go.html|0|30
2012-03-01 20:05:57,621|urlclientfutures|INFO|c34353d2-bf3e-4be7-b50f-a8c76ba8d510|http://golang.org/doc/effective_go.html|1|0.2596738338470459
2012-03-01 20:05:57,623|urlclientfutures|INFO|981e18f4-c4e4-48b9-b055-6312b6e8d065|http://blog.dynatrace.com/|0|30
2012-03-01 20:05:59,018|urlclientfutures|INFO|981e18f4-c4e4-48b9-b055-6312b6e8d065|http://blog.dynatrace.com/|1|1.3952999114990234
2012-03-01 20:05:59,019|urlclientfutures|INFO|c6faff0b-e7d7-4831-9601-54415673b214|http://rss.cnn.com/rss/cnn_world.rss|0|30
2012-03-01 20:05:59,247|urlclientfutures|INFO|c6faff0b-e7d7-4831-9601-54415673b214|http://rss.cnn.com/rss/cnn_world.rss|1|0.22798490524291992
2012-03-01 20:05:59,248|urlclientfutures|INFO|2229bcd8-5971-4ecc-8378-de29c05ae3b9|http://rss.cnn.com/rss/cnn_us.rss|0|30
2012-03-01 20:05:59,424|urlclientfutures|INFO|2229bcd8-5971-4ecc-8378-de29c05ae3b9|http://rss.cnn.com/rss/cnn_us.rss|1|0.17634105682373047
2012-03-01 20:05:59,425|urlclientfutures|INFO|65d36894-55a0-4910-9617-b1d2f8b67c6d|http://rss.cnn.com/rss/si_topstories.rss|0|30
2012-03-01 20:05:59,513|urlclientfutures|INFO|65d36894-55a0-4910-9617-b1d2f8b67c6d|http://rss.cnn.com/rss/si_topstories.rss|1|0.08817696571350098
2012-03-01 20:05:59,514|urlclientfutures|INFO|fa71254d-9953-4d23-8e59-6896013a940c|http://rss.cnn.com/rss/money_latest.rss|0|30
2012-03-01 20:05:59,660|urlclientfutures|INFO|fa71254d-9953-4d23-8e59-6896013a940c|http://rss.cnn.com/rss/money_latest.rss|1|0.14548683166503906
2012-03-01 20:05:59,660|urlclientfutures|INFO|10519dcc-67a3-439b-b5b9-c573b5d4a33a|http://rss.cnn.com/rss/cnn_allpolitics.rss|0|30
2012-03-01 20:05:59,876|urlclientfutures|INFO|10519dcc-67a3-439b-b5b9-c573b5d4a33a|http://rss.cnn.com/rss/cnn_allpolitics.rss|1|0.21548104286193848
2012-03-01 20:05:59,876|urlclientfutures|INFO|5aed5c65-fafa-45cb-9cd7-165a6bc2fedc|http://rss.cnn.com/rss/cnn_crime.rss|0|30
2012-03-01 20:06:00,024|urlclientfutures|INFO|5aed5c65-fafa-45cb-9cd7-165a6bc2fedc|http://rss.cnn.com/rss/cnn_crime.rss|1|0.14734697341918945
2012-03-01 20:06:00,025|urlclientfutures|INFO|36b8d329-a824-4572-b77c-8502b3042bbc|http://rss.cnn.com/rss/cnn_tech.rss|0|30
2012-03-01 20:06:00,155|urlclientfutures|INFO|36b8d329-a824-4572-b77c-8502b3042bbc|http://rss.cnn.com/rss/cnn_tech.rss|1|0.13027501106262207
2012-03-01 20:06:00,156|urlclientfutures|INFO|acc649da-3d09-4612-9853-8b846f74028b|http://rss.cnn.com/rss/cnn_space.rss|0|30
2012-03-01 20:06:00,239|urlclientfutures|INFO|acc649da-3d09-4612-9853-8b846f74028b|http://rss.cnn.com/rss/cnn_space.rss|1|0.08328795433044434
2012-03-01 20:06:00,240|urlclientfutures|INFO|ab9f0944-62ce-43d5-8a55-ef5a6d833894|http://rss.cnn.com/rss/cnn_health.rss|0|30
2012-03-01 20:06:00,430|urlclientfutures|INFO|ab9f0944-62ce-43d5-8a55-ef5a6d833894|http://rss.cnn.com/rss/cnn_health.rss|1|0.19043397903442383
2012-03-01 20:06:00,431|urlclientfutures|INFO|aa777f0d-f944-4ffe-8ad3-f9d24d470192|http://rss.cnn.com/rss/cnn_showbiz.rss|0|30
2012-03-01 20:06:00,553|urlclientfutures|INFO|aa777f0d-f944-4ffe-8ad3-f9d24d470192|http://rss.cnn.com/rss/cnn_showbiz.rss|1|0.12118291854858398
2012-03-01 20:06:00,553|urlclientfutures|INFO|7480df08-7dc2-450b-9d25-79cad859ed5c|http://rss.cnn.com/rss/cnn_travel.rss|0|30
2012-03-01 20:06:00,651|urlclientfutures|INFO|7480df08-7dc2-450b-9d25-79cad859ed5c|http://rss.cnn.com/rss/cnn_travel.rss|1|0.09721899032592773
2012-03-01 20:06:00,652|urlclientfutures|INFO|cdda7316-fcb1-4afc-abb8-23acb253ac4f|http://rss.cnn.com/rss/cnn_living.rss|0|30
2012-03-01 20:06:00,776|urlclientfutures|INFO|cdda7316-fcb1-4afc-abb8-23acb253ac4f|http://rss.cnn.com/rss/cnn_living.rss|1|0.12461590766906738
2012-03-01 20:06:00,777|urlclientfutures|INFO|ed882e0a-d32a-4491-8d89-adedfe62001c|http://rss.cnn.com/rss/cnn_freevideo.rss|0|30
2012-03-01 20:06:01,053|urlclientfutures|INFO|ed882e0a-d32a-4491-8d89-adedfe62001c|http://rss.cnn.com/rss/cnn_freevideo.rss|1|0.27582597732543945
2012-03-01 20:06:01,054|urlclientfutures|INFO|ab5607e0-248e-41ad-8d05-6df2b464b7af|http://rss.cnn.com/rss/cnn_mostpopular.rss|0|30
2012-03-01 20:06:01,195|urlclientfutures|INFO|ab5607e0-248e-41ad-8d05-6df2b464b7af|http://rss.cnn.com/rss/cnn_mostpopular.rss|1|0.14098191261291504
2012-03-01 20:06:01,196|urlclientfutures|INFO|22c5ca18-d8f0-4139-9b8b-b2160d73fc35|http://rss.cnn.com/rss/cnn_latest.rss|0|30
2012-03-01 20:06:01,345|urlclientfutures|INFO|22c5ca18-d8f0-4139-9b8b-b2160d73fc35|http://rss.cnn.com/rss/cnn_latest.rss|1|0.14885210990905762
2012-03-01 20:06:01,346|urlclientfutures|INFO|b4333dbf-0769-40cd-ba45-edbf580d60fc|http://www.nytimes.com/services/xml/rss/nyt/Business.xml|0|30
2012-03-01 20:06:01,556|urlclientfutures|INFO|b4333dbf-0769-40cd-ba45-edbf580d60fc|http://www.nytimes.com/services/xml/rss/nyt/Business.xml|1|0.21050310134887695
2012-03-01 20:06:01,557|urlclientfutures|INFO|f71ce428-2eb3-4dda-bd8d-90b55fba049a|http://finance.yahoo.com/rss/headline?s=mhp|0|30
2012-03-01 20:06:01,724|urlclientfutures|INFO|f71ce428-2eb3-4dda-bd8d-90b55fba049a|http://finance.yahoo.com/rss/headline?s=mhp|1|0.16656780242919922
2012-03-01 20:06:01,725|urlclientfutures|INFO|1ce58644-8122-46ad-b605-70af6fe7cf07|http://www.ft.com/servicestools/newstracking/rss#world|0|30
2012-03-01 20:06:02,326|urlclientfutures|INFO|1ce58644-8122-46ad-b605-70af6fe7cf07|http://www.ft.com/servicestools/newstracking/rss#world|1|0.6015551090240479
2012-03-01 20:06:02,328|urlclientfutures|INFO|395a8eb3-9ed2-4947-9076-740f692bf7c8|http://finance.yahoo.com/rss/headline?s=mhp|0|30
2012-03-01 20:06:02,509|urlclientfutures|INFO|395a8eb3-9ed2-4947-9076-740f692bf7c8|http://finance.yahoo.com/rss/headline?s=mhp|1|0.18174982070922852
2012-03-01 20:06:02,510|urlclientfutures|INFO|c7b4cf80-9bce-4edc-89fe-19781b304017|http://golang.org|0|30
2012-03-01 20:06:02,878|urlclientfutures|INFO|c7b4cf80-9bce-4edc-89fe-19781b304017|http://golang.org|1|0.3680880069732666
2012-03-01 20:06:02,880|urlclientfutures|INFO|ae22e057-036a-4b39-ba8d-7d7e96db272a|http://www.weather.com|0|30
2012-03-01 20:06:03,668|urlclientfutures|INFO|ae22e057-036a-4b39-ba8d-7d7e96db272a|http://www.weather.com|1|0.7883269786834717
2012-03-01 20:06:03,669|urlclientfutures|INFO|f6321f09-15da-4438-b9e3-7d77ba02b7c1|http://ocw.mit.edu/courses/electrical-engineering-and-computer-science|0|30
2012-03-01 20:06:04,137|urlclientfutures|INFO|f6321f09-15da-4438-b9e3-7d77ba02b7c1|http://ocw.mit.edu/courses/electrical-engineering-and-computer-science|1|0.4683070182800293
2012-03-01 20:06:04,138|urlclientfutures|INFO|26cccc19-5d23-483a-98f8-0fd30ae92b7a|http://www.google.com/edu/computational-thinking/index.html|0|30
2012-03-01 20:06:04,206|urlclientfutures|INFO|26cccc19-5d23-483a-98f8-0fd30ae92b7a|http://www.google.com/edu/computational-thinking/index.html|1|0.06887984275817871
